#
# There is insufficient memory for the Java Runtime Environment to continue.
# Native memory allocation (malloc) failed to allocate 1168736 bytes for Chunk::new
# Possible reasons:
#   The system is out of physical RAM or swap space
#   In 32 bit mode, the process size limit was hit
# Possible solutions:
#   Reduce memory load on the system
#   Increase physical memory or swap space
#   Check if swap backing store is full
#   Use 64 bit Java on a 64 bit OS
#   Decrease Java heap size (-Xmx/-Xms)
#   Decrease number of Java threads
#   Decrease Java thread stack sizes (-Xss)
#   Set larger code cache with -XX:ReservedCodeCacheSize=
# This output file may be truncated or incomplete.
#
#  Out of Memory Error (allocation.cpp:390), pid=9364, tid=0x00000000000033a8
#
# JRE version: Java(TM) SE Runtime Environment (8.0_151-b12) (build 1.8.0_151-b12)
# Java VM: Java HotSpot(TM) 64-Bit Server VM (25.151-b12 mixed mode windows-amd64 compressed oops)
# Failed to write core dump. Minidumps are not enabled by default on client versions of Windows
#

---------------  T H R E A D  ---------------

Current thread (0x000000001c312800):  JavaThread "C2 CompilerThread0" daemon [_thread_in_native, id=13224, stack(0x000000001cbb0000,0x000000001ccb0000)]

Stack: [0x000000001cbb0000,0x000000001ccb0000]
[error occurred during error reporting (printing stack bounds), id 0xc0000005]

Native frames: (J=compiled Java code, j=interpreted, Vv=VM code, C=native code)


Current CompileTask:
C2:   9356 7230       4       org.aspectj.weaver.ResolvedMemberImpl::matches (103 bytes)


---------------  P R O C E S S  ---------------

Java Threads: ( => current thread )
  0x000000001c3d6000 JavaThread "schedulerFactoryBean_QuartzSchedulerThread" [_thread_blocked, id=12080, stack(0x0000000027920000,0x0000000027a20000)]
  0x000000001c3d3800 JavaThread "schedulerFactoryBean_Worker-10" [_thread_blocked, id=13380, stack(0x0000000027820000,0x0000000027920000)]
  0x000000001c3d0800 JavaThread "schedulerFactoryBean_Worker-9" [_thread_blocked, id=13436, stack(0x0000000027720000,0x0000000027820000)]
  0x000000001c3d4800 JavaThread "schedulerFactoryBean_Worker-8" [_thread_blocked, id=7752, stack(0x0000000027620000,0x0000000027720000)]
  0x0000000022b77800 JavaThread "schedulerFactoryBean_Worker-7" [_thread_blocked, id=4688, stack(0x0000000027520000,0x0000000027620000)]
  0x0000000022bdb800 JavaThread "schedulerFactoryBean_Worker-6" [_thread_blocked, id=4724, stack(0x0000000027420000,0x0000000027520000)]
  0x0000000022b7c000 JavaThread "schedulerFactoryBean_Worker-5" [_thread_blocked, id=4036, stack(0x0000000027320000,0x0000000027420000)]
  0x000000001fd1d000 JavaThread "schedulerFactoryBean_Worker-4" [_thread_blocked, id=14140, stack(0x0000000027220000,0x0000000027320000)]
  0x000000001d402800 JavaThread "schedulerFactoryBean_Worker-3" [_thread_blocked, id=14808, stack(0x0000000027120000,0x0000000027220000)]
  0x000000001f17f800 JavaThread "schedulerFactoryBean_Worker-2" [_thread_blocked, id=12236, stack(0x0000000027020000,0x0000000027120000)]
  0x000000001e3de000 JavaThread "schedulerFactoryBean_Worker-1" [_thread_blocked, id=4732, stack(0x0000000026f20000,0x0000000027020000)]
  0x000000002309e000 JavaThread "Druid-ConnectionPool-Destroy-535547952" daemon [_thread_blocked, id=4716, stack(0x0000000026c20000,0x0000000026d20000)]
  0x00000000230cb800 JavaThread "Druid-ConnectionPool-Create-535547952" daemon [_thread_blocked, id=12888, stack(0x0000000026b20000,0x0000000026c20000)]
  0x00000000231f2800 JavaThread "Abandoned connection cleanup thread" daemon [_thread_blocked, id=13948, stack(0x0000000026820000,0x0000000026920000)]
  0x00000000247ed800 JavaThread "container-0" [_thread_blocked, id=11728, stack(0x0000000026720000,0x0000000026820000)]
  0x0000000023442000 JavaThread "ContainerBackgroundProcessor[StandardEngine[Tomcat]]" daemon [_thread_blocked, id=1808, stack(0x0000000026620000,0x0000000026720000)]
  0x00000000230f0000 JavaThread "localhost-startStop-1" daemon [_thread_blocked, id=2308, stack(0x0000000025b90000,0x0000000025c90000)]
  0x00000000245de800 JavaThread "Tomcat-startStop-1" daemon [_thread_blocked, id=11784, stack(0x0000000025a90000,0x0000000025b90000)]
  0x000000001fdd3800 JavaThread "main" [_thread_in_Java, id=8792, stack(0x0000000022390000,0x0000000022490000)]
  0x000000001c3b7000 JavaThread "Service Thread" daemon [_thread_blocked, id=13512, stack(0x000000001cfb0000,0x000000001d0b0000)]
  0x000000001c31d000 JavaThread "C1 CompilerThread3" daemon [_thread_in_native, id=5284, stack(0x000000001ceb0000,0x000000001cfb0000)]
  0x000000001c314000 JavaThread "C2 CompilerThread2" daemon [_thread_in_native, id=3244, stack(0x000000001cdb0000,0x000000001ceb0000)]
  0x000000001c313800 JavaThread "C2 CompilerThread1" daemon [_thread_in_native, id=4060, stack(0x000000001ccb0000,0x000000001cdb0000)]
=>0x000000001c312800 JavaThread "C2 CompilerThread0" daemon [_thread_in_native, id=13224, stack(0x000000001cbb0000,0x000000001ccb0000)]
  0x000000001c30f000 JavaThread "Monitor Ctrl-Break" daemon [_thread_in_native, id=13048, stack(0x000000001cab0000,0x000000001cbb0000)]
  0x000000001c285800 JavaThread "Attach Listener" daemon [_thread_blocked, id=2700, stack(0x000000001c9b0000,0x000000001cab0000)]
  0x000000001c2e8800 JavaThread "Signal Dispatcher" daemon [_thread_blocked, id=13740, stack(0x000000001c8b0000,0x000000001c9b0000)]
  0x000000000537e000 JavaThread "Finalizer" daemon [_thread_blocked, id=11676, stack(0x000000001c650000,0x000000001c750000)]
  0x0000000005377000 JavaThread "Reference Handler" daemon [_thread_blocked, id=11836, stack(0x000000001c150000,0x000000001c250000)]
  0x0000000004d8e000 JavaThread "main" [_thread_blocked, id=14184, stack(0x0000000004c50000,0x0000000004d50000)]

Other Threads:
  0x000000001a379800 VMThread [stack: 0x000000001c050000,0x000000001c150000] [id=14396]
  0x000000001c407800 WatcherThread [stack: 0x000000001d0b0000,0x000000001d1b0000] [id=7924]

VM state:not at safepoint (normal execution)

VM Mutex/Monitor currently owned by a thread: None

Heap:
 PSYoungGen      total 220160K, used 20005K [0x00000000d5980000, 0x00000000e4100000, 0x0000000100000000)
  eden space 203264K, 9% used [0x00000000d5980000,0x00000000d6d09758,0x00000000e2000000)
  from space 16896K, 0% used [0x00000000e2000000,0x00000000e2000000,0x00000000e3080000)
  to   space 11776K, 0% used [0x00000000e3580000,0x00000000e3580000,0x00000000e4100000)
 ParOldGen       total 102400K, used 50906K [0x0000000080c00000, 0x0000000087000000, 0x00000000d5980000)
  object space 102400K, 49% used [0x0000000080c00000,0x0000000083db6ad0,0x0000000087000000)
 Metaspace       used 57684K, capacity 59376K, committed 59480K, reserved 1101824K
  class space    used 7112K, capacity 7468K, committed 7552K, reserved 1048576K

Card table byte_map: [0x0000000014740000,0x0000000014b40000] byte_map_base: 0x000000001433a000

Marking Bits: (ParMarkBitMap*) 0x000000005acdd850
 Begin Bits: [0x00000000155f0000, 0x00000000175c0000)
 End Bits:   [0x00000000175c0000, 0x0000000019590000)

Polling page: 0x0000000002f50000

CodeCache: size=245760Kb used=22284Kb max_used=22284Kb free=223475Kb
 bounds [0x0000000005380000, 0x0000000006960000, 0x0000000014380000]
 total_blobs=6762 nmethods=6231 adapters=442
 compilation: enabled

Compilation events (10 events):
Event: 9.329 Thread 0x000000001c31d000 nmethod 7325 0x0000000006927310 code [0x0000000006927480, 0x0000000006927808]
Event: 9.329 Thread 0x000000001c31d000 7331   !   3       org.springframework.core.annotation.AnnotatedElementUtils::searchWithFindSemantics (697 bytes)
Event: 9.332 Thread 0x000000001c31d000 nmethod 7331 0x000000000693a290 code [0x000000000693a7e0, 0x000000000693e188]
Event: 9.342 Thread 0x000000001c31d000 7332 % !   3       java.util.concurrent.ConcurrentHashMap::transfer @ 99 (832 bytes)
Event: 9.345 Thread 0x000000001c31d000 nmethod 7332% 0x0000000006940810 code [0x0000000006940b60, 0x0000000006943288]
Event: 9.348 Thread 0x000000001c31d000 7333   !   3       java.util.concurrent.ConcurrentHashMap::transfer (832 bytes)
Event: 9.351 Thread 0x000000001c31d000 nmethod 7333 0x0000000006944dd0 code [0x0000000006945120, 0x0000000006947688]
Event: 9.351 Thread 0x000000001c31d000 7334       2       org.springframework.aop.framework.autoproxy.ProxyCreationContext::setCurrentProxiedBeanName (21 bytes)
Event: 9.352 Thread 0x000000001c31d000 nmethod 7334 0x0000000006926c50 code [0x0000000006926de0, 0x0000000006927088]
Event: 9.352 Thread 0x000000001c31d000 7338   !   2       org.springframework.aop.aspectj.annotation.BeanFactoryAspectJAdvisorsBuilder::buildAspectJAdvisors (493 bytes)

GC Heap History (10 events):
Event: 5.285 GC heap before
{Heap before GC invocations=12 (full 2):
 PSYoungGen      total 164864K, used 4176K [0x00000000d5980000, 0x00000000e2200000, 0x0000000100000000)
  eden space 150016K, 0% used [0x00000000d5980000,0x00000000d5980000,0x00000000dec00000)
  from space 14848K, 28% used [0x00000000dfb00000,0x00000000dff14040,0x00000000e0980000)
  to   space 15360K, 0% used [0x00000000dec00000,0x00000000dec00000,0x00000000dfb00000)
 ParOldGen       total 84480K, used 27267K [0x0000000080c00000, 0x0000000085e80000, 0x00000000d5980000)
  object space 84480K, 32% used [0x0000000080c00000,0x00000000826a0f18,0x0000000085e80000)
 Metaspace       used 34240K, capacity 35236K, committed 35456K, reserved 1079296K
  class space    used 4324K, capacity 4634K, committed 4736K, reserved 1048576K
Event: 5.333 GC heap after
Heap after GC invocations=12 (full 2):
 PSYoungGen      total 164864K, used 0K [0x00000000d5980000, 0x00000000e2200000, 0x0000000100000000)
  eden space 150016K, 0% used [0x00000000d5980000,0x00000000d5980000,0x00000000dec00000)
  from space 14848K, 0% used [0x00000000dfb00000,0x00000000dfb00000,0x00000000e0980000)
  to   space 15360K, 0% used [0x00000000dec00000,0x00000000dec00000,0x00000000dfb00000)
 ParOldGen       total 102400K, used 27486K [0x0000000080c00000, 0x0000000087000000, 0x00000000d5980000)
  object space 102400K, 26% used [0x0000000080c00000,0x00000000826d7a08,0x0000000087000000)
 Metaspace       used 34240K, capacity 35236K, committed 35456K, reserved 1079296K
  class space    used 4324K, capacity 4634K, committed 4736K, reserved 1048576K
}
Event: 6.466 GC heap before
{Heap before GC invocations=13 (full 2):
 PSYoungGen      total 164864K, used 150016K [0x00000000d5980000, 0x00000000e2200000, 0x0000000100000000)
  eden space 150016K, 100% used [0x00000000d5980000,0x00000000dec00000,0x00000000dec00000)
  from space 14848K, 0% used [0x00000000dfb00000,0x00000000dfb00000,0x00000000e0980000)
  to   space 15360K, 0% used [0x00000000dec00000,0x00000000dec00000,0x00000000dfb00000)
 ParOldGen       total 102400K, used 27486K [0x0000000080c00000, 0x0000000087000000, 0x00000000d5980000)
  object space 102400K, 26% used [0x0000000080c00000,0x00000000826d7a08,0x0000000087000000)
 Metaspace       used 45525K, capacity 47028K, committed 47104K, reserved 1089536K
  class space    used 5782K, capacity 6132K, committed 6144K, reserved 1048576K
Event: 6.476 GC heap after
Heap after GC invocations=13 (full 2):
 PSYoungGen      total 165376K, used 15335K [0x00000000d5980000, 0x00000000e4680000, 0x0000000100000000)
  eden space 150016K, 0% used [0x00000000d5980000,0x00000000d5980000,0x00000000dec00000)
  from space 15360K, 99% used [0x00000000dec00000,0x00000000dfaf9f60,0x00000000dfb00000)
  to   space 17408K, 0% used [0x00000000e3580000,0x00000000e3580000,0x00000000e4680000)
 ParOldGen       total 102400K, used 29293K [0x0000000080c00000, 0x0000000087000000, 0x00000000d5980000)
  object space 102400K, 28% used [0x0000000080c00000,0x000000008289b750,0x0000000087000000)
 Metaspace       used 45525K, capacity 47028K, committed 47104K, reserved 1089536K
  class space    used 5782K, capacity 6132K, committed 6144K, reserved 1048576K
}
Event: 7.641 GC heap before
{Heap before GC invocations=14 (full 2):
 PSYoungGen      total 165376K, used 165351K [0x00000000d5980000, 0x00000000e4680000, 0x0000000100000000)
  eden space 150016K, 100% used [0x00000000d5980000,0x00000000dec00000,0x00000000dec00000)
  from space 15360K, 99% used [0x00000000dec00000,0x00000000dfaf9f60,0x00000000dfb00000)
  to   space 17408K, 0% used [0x00000000e3580000,0x00000000e3580000,0x00000000e4680000)
 ParOldGen       total 102400K, used 29293K [0x0000000080c00000, 0x0000000087000000, 0x00000000d5980000)
  object space 102400K, 28% used [0x0000000080c00000,0x000000008289b750,0x0000000087000000)
 Metaspace       used 50554K, capacity 52162K, committed 52224K, reserved 1095680K
  class space    used 6244K, capacity 6615K, committed 6656K, reserved 1048576K
Event: 7.657 GC heap after
Heap after GC invocations=14 (full 2):
 PSYoungGen      total 215040K, used 8949K [0x00000000d5980000, 0x00000000e4100000, 0x0000000100000000)
  eden space 203264K, 0% used [0x00000000d5980000,0x00000000d5980000,0x00000000e2000000)
  from space 11776K, 76% used [0x00000000e3580000,0x00000000e3e3d7d0,0x00000000e4100000)
  to   space 16896K, 0% used [0x00000000e2000000,0x00000000e2000000,0x00000000e3080000)
 ParOldGen       total 102400K, used 38763K [0x0000000080c00000, 0x0000000087000000, 0x00000000d5980000)
  object space 102400K, 37% used [0x0000000080c00000,0x00000000831dad80,0x0000000087000000)
 Metaspace       used 50554K, capacity 52162K, committed 52224K, reserved 1095680K
  class space    used 6244K, capacity 6615K, committed 6656K, reserved 1048576K
}
Event: 8.940 GC heap before
{Heap before GC invocations=15 (full 2):
 PSYoungGen      total 215040K, used 177496K [0x00000000d5980000, 0x00000000e4100000, 0x0000000100000000)
  eden space 203264K, 82% used [0x00000000d5980000,0x00000000dfe18900,0x00000000e2000000)
  from space 11776K, 76% used [0x00000000e3580000,0x00000000e3e3d7d0,0x00000000e4100000)
  to   space 16896K, 0% used [0x00000000e2000000,0x00000000e2000000,0x00000000e3080000)
 ParOldGen       total 102400K, used 38763K [0x0000000080c00000, 0x0000000087000000, 0x00000000d5980000)
  object space 102400K, 37% used [0x0000000080c00000,0x00000000831dad80,0x0000000087000000)
 Metaspace       used 57216K, capacity 58828K, committed 59096K, reserved 1101824K
  class space    used 7043K, capacity 7398K, committed 7424K, reserved 1048576K
Event: 8.958 GC heap after
Heap after GC invocations=15 (full 2):
 PSYoungGen      total 220160K, used 9891K [0x00000000d5980000, 0x00000000e4100000, 0x0000000100000000)
  eden space 203264K, 0% used [0x00000000d5980000,0x00000000d5980000,0x00000000e2000000)
  from space 16896K, 58% used [0x00000000e2000000,0x00000000e29a8e20,0x00000000e3080000)
  to   space 11776K, 0% used [0x00000000e3580000,0x00000000e3580000,0x00000000e4100000)
 ParOldGen       total 102400K, used 44308K [0x0000000080c00000, 0x0000000087000000, 0x00000000d5980000)
  object space 102400K, 43% used [0x0000000080c00000,0x00000000837450e8,0x0000000087000000)
 Metaspace       used 57216K, capacity 58828K, committed 59096K, reserved 1101824K
  class space    used 7043K, capacity 7398K, committed 7424K, reserved 1048576K
}
Event: 8.958 GC heap before
{Heap before GC invocations=16 (full 3):
 PSYoungGen      total 220160K, used 9891K [0x00000000d5980000, 0x00000000e4100000, 0x0000000100000000)
  eden space 203264K, 0% used [0x00000000d5980000,0x00000000d5980000,0x00000000e2000000)
  from space 16896K, 58% used [0x00000000e2000000,0x00000000e29a8e20,0x00000000e3080000)
  to   space 11776K, 0% used [0x00000000e3580000,0x00000000e3580000,0x00000000e4100000)
 ParOldGen       total 102400K, used 44308K [0x0000000080c00000, 0x0000000087000000, 0x00000000d5980000)
  object space 102400K, 43% used [0x0000000080c00000,0x00000000837450e8,0x0000000087000000)
 Metaspace       used 57216K, capacity 58828K, committed 59096K, reserved 1101824K
  class space    used 7043K, capacity 7398K, committed 7424K, reserved 1048576K
Event: 9.211 GC heap after
Heap after GC invocations=16 (full 3):
 PSYoungGen      total 220160K, used 0K [0x00000000d5980000, 0x00000000e4100000, 0x0000000100000000)
  eden space 203264K, 0% used [0x00000000d5980000,0x00000000d5980000,0x00000000e2000000)
  from space 16896K, 0% used [0x00000000e2000000,0x00000000e2000000,0x00000000e3080000)
  to   space 11776K, 0% used [0x00000000e3580000,0x00000000e3580000,0x00000000e4100000)
 ParOldGen       total 102400K, used 50906K [0x0000000080c00000, 0x0000000087000000, 0x00000000d5980000)
  object space 102400K, 49% used [0x0000000080c00000,0x0000000083db6ad0,0x0000000087000000)
 Metaspace       used 57216K, capacity 58828K, committed 59096K, reserved 1101824K
  class space    used 7043K, capacity 7398K, committed 7424K, reserved 1048576K
}

Deoptimization events (10 events):
Event: 8.698 Thread 0x000000001fdd3800 Uncommon trap: reason=class_check action=maybe_recompile pc=0x00000000066eda30 method=org.aspectj.weaver.TypeFactory.createTypeFromSignature(Ljava/lang/String;)Lorg/aspectj/weaver/UnresolvedType; @ 281
Event: 8.843 Thread 0x000000001fdd3800 Uncommon trap: reason=unstable_if action=reinterpret pc=0x0000000005957fe4 method=java.util.WeakHashMap.eq(Ljava/lang/Object;Ljava/lang/Object;)Z @ 10
Event: 8.843 Thread 0x000000001fdd3800 Uncommon trap: reason=unstable_if action=reinterpret pc=0x0000000006638418 method=java.util.WeakHashMap.eq(Ljava/lang/Object;Ljava/lang/Object;)Z @ 10
Event: 8.849 Thread 0x000000001fdd3800 Uncommon trap: reason=class_check action=maybe_recompile pc=0x0000000006747234 method=org.aspectj.weaver.ResolvedMemberImpl.matches(Lorg/aspectj/weaver/ResolvedMember;Z)Z @ 30
Event: 8.851 Thread 0x000000001fdd3800 Uncommon trap: reason=class_check action=maybe_recompile pc=0x0000000006747234 method=org.aspectj.weaver.ResolvedMemberImpl.matches(Lorg/aspectj/weaver/ResolvedMember;Z)Z @ 30
Event: 8.851 Thread 0x000000001fdd3800 Uncommon trap: reason=class_check action=maybe_recompile pc=0x0000000006747234 method=org.aspectj.weaver.ResolvedMemberImpl.matches(Lorg/aspectj/weaver/ResolvedMember;Z)Z @ 30
Event: 8.851 Thread 0x000000001fdd3800 Uncommon trap: reason=class_check action=maybe_recompile pc=0x0000000006747234 method=org.aspectj.weaver.ResolvedMemberImpl.matches(Lorg/aspectj/weaver/ResolvedMember;Z)Z @ 30
Event: 8.932 Thread 0x000000001fdd3800 Uncommon trap: reason=predicate action=maybe_recompile pc=0x00000000066e1a80 method=org.springframework.util.ReflectionUtils.doWithMethods(Ljava/lang/Class;Lorg/springframework/util/ReflectionUtils$MethodCallback;Lorg/springframework/util/ReflectionUtils$
Event: 9.318 Thread 0x000000001fdd3800 Uncommon trap: reason=unstable_if action=reinterpret pc=0x0000000005c130f4 method=java.util.regex.Pattern$LastNode.match(Ljava/util/regex/Matcher;ILjava/lang/CharSequence;)Z @ 13
Event: 9.340 Thread 0x000000001fdd3800 Uncommon trap: reason=unstable_if action=reinterpret pc=0x0000000005796498 method=java.util.concurrent.ConcurrentHashMap.transfer([Ljava/util/concurrent/ConcurrentHashMap$Node;[Ljava/util/concurrent/ConcurrentHashMap$Node;)V @ 356

Internal exceptions (10 events):
Event: 9.300 Thread 0x000000001fdd3800 Exception <a 'java/lang/ClassNotFoundException': org/springframework/web/servlet/handler/AbstractHandlerMethodMappingCustomizer> (0x00000000d64a1e20) thrown at [C:\re\workspace\8-2-build-windows-amd64-cygwin\jdk8u151\9699\hotspot\src\share\vm\classfile\sy
Event: 9.301 Thread 0x000000001fdd3800 Exception <a 'java/lang/ClassNotFoundException': org/springframework/web/servlet/mvc/method/RequestMappingInfoHandlerMappingCustomizer> (0x00000000d64cf1e0) thrown at [C:\re\workspace\8-2-build-windows-amd64-cygwin\jdk8u151\9699\hotspot\src\share\vm\class
Event: 9.301 Thread 0x000000001fdd3800 Exception <a 'java/lang/ClassNotFoundException': org/springframework/web/servlet/mvc/method/annotation/RequestMappingHandlerMappingCustomizer> (0x00000000d64f30f0) thrown at [C:\re\workspace\8-2-build-windows-amd64-cygwin\jdk8u151\9699\hotspot\src\share\v
Event: 9.303 Thread 0x000000001fdd3800 Exception <a 'java/lang/ClassNotFoundException': org/springframework/web/servlet/handler/MatchableHandlerMappingCustomizer> (0x00000000d653d258) thrown at [C:\re\workspace\8-2-build-windows-amd64-cygwin\jdk8u151\9699\hotspot\src\share\vm\classfile\systemD
Event: 9.303 Thread 0x000000001fdd3800 Exception <a 'java/lang/ClassNotFoundException': org/springframework/context/EmbeddedValueResolverAwareCustomizer> (0x00000000d65532d0) thrown at [C:\re\workspace\8-2-build-windows-amd64-cygwin\jdk8u151\9699\hotspot\src\share\vm\classfile\systemDictionary
Event: 9.304 Thread 0x000000001fdd3800 Exception <a 'java/lang/ClassNotFoundException': org/springframework/beans/factory/InitializingBeanCustomizer> (0x00000000d6568960) thrown at [C:\re\workspace\8-2-build-windows-amd64-cygwin\jdk8u151\9699\hotspot\src\share\vm\classfile\systemDictionary.cpp
Event: 9.304 Thread 0x000000001fdd3800 Exception <a 'java/lang/ClassNotFoundException': org/springframework/web/servlet/HandlerMappingCustomizer> (0x00000000d657c8d0) thrown at [C:\re\workspace\8-2-build-windows-amd64-cygwin\jdk8u151\9699\hotspot\src\share\vm\classfile\systemDictionary.cpp, li
Event: 9.304 Thread 0x000000001fdd3800 Exception <a 'java/lang/ClassNotFoundException': org/springframework/core/OrderedCustomizer> (0x00000000d658d108) thrown at [C:\re\workspace\8-2-build-windows-amd64-cygwin\jdk8u151\9699\hotspot\src\share\vm\classfile\systemDictionary.cpp, line 210]
Event: 9.304 Thread 0x000000001fdd3800 Exception <a 'java/lang/ClassNotFoundException': org/springframework/web/context/ServletContextAwareCustomizer> (0x00000000d65a2770) thrown at [C:\re\workspace\8-2-build-windows-amd64-cygwin\jdk8u151\9699\hotspot\src\share\vm\classfile\systemDictionary.cp
Event: 9.305 Thread 0x000000001fdd3800 Exception <a 'java/lang/ClassNotFoundException': org/springframework/context/ApplicationContextAwareCustomizer> (0x00000000d65b8260) thrown at [C:\re\workspace\8-2-build-windows-amd64-cygwin\jdk8u151\9699\hotspot\src\share\vm\classfile\systemDictionary.cp

Events (10 events):
Event: 9.318 Thread 0x000000001fdd3800 DEOPT UNPACKING pc=0x00000000053c582a sp=0x000000002248d510 mode 2
Event: 9.319 loading class org/springframework/web/servlet/handler/AbstractHandlerMethodMapping$MappingRegistration
Event: 9.319 loading class org/springframework/web/servlet/handler/AbstractHandlerMethodMapping$MappingRegistration done
Event: 9.336 loading class org/springframework/web/servlet/handler/AbstractHandlerMethodMapping$Match
Event: 9.336 loading class org/springframework/web/servlet/handler/AbstractHandlerMethodMapping$Match done
Event: 9.340 Thread 0x000000001fdd3800 Uncommon trap: trap_request=0xffffff65 fr.pc=0x0000000005796498
Event: 9.340 Executing VM operation: RevokeBias
Event: 9.340 Executing VM operation: RevokeBias done
Event: 9.340 Thread 0x000000001fdd3800 DEOPT PACKING pc=0x0000000005796498 sp=0x000000002248d7d0
Event: 9.340 Thread 0x000000001fdd3800 DEOPT UNPACKING pc=0x00000000053c582a sp=0x000000002248d740 mode 2


Dynamic libraries:
0x00007ff778d30000 - 0x00007ff778d67000 	C:\Program Files\Java\jdk1.8.0_151\bin\java.exe
0x00007ff964ca0000 - 0x00007ff964e80000 	C:\Windows\SYSTEM32\ntdll.dll
0x00007ff9624a0000 - 0x00007ff96254e000 	C:\Windows\System32\KERNEL32.DLL
0x00007ff961730000 - 0x00007ff961996000 	C:\Windows\System32\KERNELBASE.dll
0x00007ff9621d0000 - 0x00007ff962271000 	C:\Windows\System32\ADVAPI32.dll
0x00007ff964bd0000 - 0x00007ff964c6d000 	C:\Windows\System32\msvcrt.dll
0x00007ff9648d0000 - 0x00007ff96492b000 	C:\Windows\System32\sechost.dll
0x00007ff964ab0000 - 0x00007ff964bcf000 	C:\Windows\System32\RPCRT4.dll
0x00007ff963200000 - 0x00007ff96338f000 	C:\Windows\System32\USER32.dll
0x00007ff961240000 - 0x00007ff961260000 	C:\Windows\System32\win32u.dll
0x00007ff9649b0000 - 0x00007ff9649d8000 	C:\Windows\System32\GDI32.dll
0x00007ff9610a0000 - 0x00007ff961233000 	C:\Windows\System32\gdi32full.dll
0x00007ff961630000 - 0x00007ff9616cb000 	C:\Windows\System32\msvcp_win.dll
0x00007ff961260000 - 0x00007ff961356000 	C:\Windows\System32\ucrtbase.dll
0x00007ff959a70000 - 0x00007ff959cd9000 	C:\Windows\WinSxS\amd64_microsoft.windows.common-controls_6595b64144ccf1df_6.0.16299.309_none_15cfd4c4935e6b11\COMCTL32.dll
0x00007ff962880000 - 0x00007ff962b88000 	C:\Windows\System32\combase.dll
0x00007ff9620f0000 - 0x00007ff962162000 	C:\Windows\System32\bcryptPrimitives.dll
0x00007ff962550000 - 0x00007ff96257d000 	C:\Windows\System32\IMM32.DLL
0x000000005ad60000 - 0x000000005ae32000 	C:\Program Files\Java\jdk1.8.0_151\jre\bin\msvcr100.dll
0x000000005a4c0000 - 0x000000005ad5d000 	C:\Program Files\Java\jdk1.8.0_151\jre\bin\server\jvm.dll
0x00007ff964930000 - 0x00007ff964938000 	C:\Windows\System32\PSAPI.DLL
0x00007ff95ccc0000 - 0x00007ff95ccca000 	C:\Windows\SYSTEM32\VERSION.dll
0x00007ff95edc0000 - 0x00007ff95edc9000 	C:\Windows\SYSTEM32\WSOCK32.dll
0x00007ff95f3d0000 - 0x00007ff95f3f3000 	C:\Windows\SYSTEM32\WINMM.dll
0x00007ff964850000 - 0x00007ff9648bc000 	C:\Windows\System32\WS2_32.dll
0x00007ff95f3a0000 - 0x00007ff95f3ca000 	C:\Windows\SYSTEM32\winmmbase.dll
0x00007ff961530000 - 0x00007ff96157a000 	C:\Windows\System32\cfgmgr32.dll
0x000000005a4b0000 - 0x000000005a4bf000 	C:\Program Files\Java\jdk1.8.0_151\jre\bin\verify.dll
0x000000005a480000 - 0x000000005a4a9000 	C:\Program Files\Java\jdk1.8.0_151\jre\bin\java.dll
0x000000005a450000 - 0x000000005a473000 	C:\Program Files\Java\jdk1.8.0_151\jre\bin\instrument.dll
0x000000005a430000 - 0x000000005a446000 	C:\Program Files\Java\jdk1.8.0_151\jre\bin\zip.dll
0x00007ff963390000 - 0x00007ff9647c6000 	C:\Windows\System32\SHELL32.dll
0x00007ff962fe0000 - 0x00007ff963086000 	C:\Windows\System32\shcore.dll
0x00007ff9619a0000 - 0x00007ff9620e7000 	C:\Windows\System32\windows.storage.dll
0x00007ff962280000 - 0x00007ff9622d1000 	C:\Windows\System32\shlwapi.dll
0x00007ff961080000 - 0x00007ff961091000 	C:\Windows\System32\kernel.appcore.dll
0x00007ff961030000 - 0x00007ff96107c000 	C:\Windows\System32\powrprof.dll
0x00007ff960ff0000 - 0x00007ff96100b000 	C:\Windows\System32\profapi.dll
0x00007ff957a20000 - 0x00007ff957a3a000 	D:\Programmer\IntelliJ IDEA 2017.2.6\bin\breakgen64.dll
0x000000005a410000 - 0x000000005a42a000 	C:\Program Files\Java\jdk1.8.0_151\jre\bin\net.dll
0x00007ff960880000 - 0x00007ff9608e6000 	C:\Windows\system32\mswsock.dll
0x00007ff960a40000 - 0x00007ff960a57000 	C:\Windows\SYSTEM32\CRYPTSP.dll
0x00007ff960480000 - 0x00007ff9604b3000 	C:\Windows\system32\rsaenh.dll
0x00007ff960b50000 - 0x00007ff960b75000 	C:\Windows\SYSTEM32\bcrypt.dll
0x00007ff960f20000 - 0x00007ff960f49000 	C:\Windows\SYSTEM32\USERENV.dll
0x00007ff960a60000 - 0x00007ff960a6b000 	C:\Windows\SYSTEM32\CRYPTBASE.dll
0x00007ff960610000 - 0x00007ff960649000 	C:\Windows\SYSTEM32\IPHLPAPI.DLL
0x00007ff9648c0000 - 0x00007ff9648c8000 	C:\Windows\System32\NSI.dll
0x00007ff95cab0000 - 0x00007ff95cac6000 	C:\Windows\SYSTEM32\dhcpcsvc6.DLL
0x00007ff95ca70000 - 0x00007ff95ca8a000 	C:\Windows\SYSTEM32\dhcpcsvc.DLL
0x000000005a3f0000 - 0x000000005a401000 	C:\Program Files\Java\jdk1.8.0_151\jre\bin\nio.dll
0x00007ff957930000 - 0x00007ff95793a000 	C:\Users\Administrator\AppData\Local\Temp\jansi-1.16-5600070313491679911.dll
0x00007ff9549a0000 - 0x00007ff9549aa000 	C:\Users\Administrator\AppData\Local\Temp\jansi-1.16-3861861240091064318.dll
0x000000005a3e0000 - 0x000000005a3ed000 	C:\Program Files\Java\jdk1.8.0_151\jre\bin\management.dll
0x00007ff94f5c0000 - 0x00007ff94f5d6000 	C:\Windows\system32\napinsp.dll
0x00007ff94f5a0000 - 0x00007ff94f5ba000 	C:\Windows\system32\pnrpnsp.dll
0x00007ff95da80000 - 0x00007ff95da98000 	C:\Windows\system32\NLAapi.dll
0x00007ff960650000 - 0x00007ff960706000 	C:\Windows\SYSTEM32\DNSAPI.dll
0x00007ff94f590000 - 0x00007ff94f59e000 	C:\Windows\System32\winrnr.dll
0x000000005bbd0000 - 0x000000005bbf6000 	C:\Program Files\Bonjour\mdnsNSP.dll
0x00007ff956ba0000 - 0x00007ff956baa000 	C:\Windows\System32\rasadhlp.dll
0x00007ff958870000 - 0x00007ff9588e0000 	C:\Windows\System32\fwpuclnt.dll

VM Arguments:
jvm_args: -Dmaven.multiModuleProjectDirectory=D:\Programmer\Beauty -Dmaven.home=D:\Programmer\apache-maven-3.5.2 -Dclassworlds.conf=D:\Programmer\apache-maven-3.5.2\bin\m2.conf -javaagent:D:\Programmer\IntelliJ IDEA 2017.2.6\lib\idea_rt.jar=57623:D:\Programmer\IntelliJ IDEA 2017.2.6\bin -Dfile.encoding=UTF-8 
java_command: org.codehaus.classworlds.Launcher -Didea.version=2017.2.6 -s D:\Programmer\apache-maven-3.5.2\conf\settings.xml org.springframework.boot:spring-boot-maven-plugin:2.0.0.RELEASE:run
java_class_path (initial): D:\Programmer\apache-maven-3.5.2\boot\plexus-classworlds-2.5.2.jar;D:\Programmer\IntelliJ IDEA 2017.2.6\lib\idea_rt.jar
Launcher Type: SUN_STANDARD

Environment Variables:
JAVA_HOME=C:\Program Files\Java\jdk1.8.0_151
CLASSPATH=.;C:\Program Files\Java\jdk1.8.0_151\lib\dt.jar;C:\Program Files\Java\jdk1.8.0_151\lib\tools.jar;
PATH=C:\ProgramData\Oracle\Java\javapath;C:\Windows\system32;C:\Windows;C:\Windows\System32\Wbem;C:\Windows\System32\WindowsPowerShell\v1.0\;C:\Program Files (x86)\NVIDIA Corporation\PhysX\Common;D:\Programmer\mysql-5.6.17\bin;D:\Programmer\svn\bin;D:\Programmer\apache-maven-3.5.2\bin;C:\Program Files\Java\jdk1.8.0_151\bin;C:\Program Files\Java\jdk1.8.0_151\jre\bin;C:\Program Files\OpenSSH\bin;C:\Program Files\PuTTY\;C:\Program Files (x86)\IDM Computer Solutions\UltraEdit;C:\Program Files\IDM Computer Solutions\UltraCompare;C:\Program Files\Git\cmd;D:\Program Files\Redis\;D:\Program Files\nodejs\;C:\Users\Administrator\AppData\Local\Microsoft\WindowsApps;C:\Users\Administrator\AppData\Local\Programs\Fiddler;C:\Users\Administrator\AppData\Local\GitHubDesktop\bin;C:\Users\Administrator\AppData\Roaming\npm
USERNAME=Administrator
OS=Windows_NT
PROCESSOR_IDENTIFIER=Intel64 Family 6 Model 58 Stepping 9, GenuineIntel



---------------  S Y S T E M  ---------------

OS: Windows 10.0 , 64 bit Build 16299 (10.0.16299.15)

CPU:total 8 (initial active 8) (4 cores per cpu, 2 threads per core) family 6 model 58 stepping 9, cmov, cx8, fxsr, mmx, sse, sse2, sse3, ssse3, sse4.1, sse4.2, popcnt, avx, aes, clmul, erms, ht, tsc, tscinvbit, tscinv

Memory: 4k page, physical 8333420k(1490128k free), swap 11217004k(5788k free)

vm_info: Java HotSpot(TM) 64-Bit Server VM (25.151-b12) for windows-amd64 JRE (1.8.0_151-b12), built on Sep  5 2017 19:33:46 by "java_re" with MS VC++ 10.0 (VS2010)

time: Tue Apr 10 17:37:40 2018
elapsed time: 9 seconds (0d 0h 0m 9s)

