2018/04/28-14:14 [restartedMain] INFO  com.zzq.beauty.DemoApplication- Starting DemoApplication on 朱志强 with PID 11096 (D:\Programmer\work\Beauty\target\classes started by zhuzhiqiang in D:\Programmer\work\Beauty)
2018/04/28-14:14 [restartedMain] INFO  com.zzq.beauty.DemoApplication- No active profile set, falling back to default profiles: default
2018/04/28-14:14 [restartedMain] INFO  org.springframework.boot.web.servlet.context.AnnotationConfigServletWebServerApplicationContext- Refreshing org.springframework.boot.web.servlet.context.AnnotationConfigServletWebServerApplicationContext@4a1b572: startup date [Sat Apr 28 14:14:16 CST 2018]; root of context hierarchy
2018/04/28-14:14 [restartedMain] ERROR org.apache.catalina.core.AprLifecycleListener- An incompatible version [1.1.31] of the APR based Apache Tomcat Native library is installed, while Tomcat requires version [1.2.14]
2018/04/28-14:14 [restartedMain] INFO  org.springframework.boot.web.embedded.tomcat.TomcatWebServer- Tomcat initialized with port(s): 8888 (http)
2018/04/28-14:14 [restartedMain] ERROR org.apache.catalina.core.AprLifecycleListener- An incompatible version [1.1.31] of the APR based Apache Tomcat Native library is installed, while Tomcat requires version [1.2.14]
2018/04/28-14:14 [restartedMain] INFO  org.apache.catalina.core.StandardService- Starting service [Tomcat]
2018/04/28-14:14 [restartedMain] INFO  org.apache.catalina.core.StandardEngine- Starting Servlet Engine: Apache Tomcat/8.5.28
2018/04/28-14:14 [localhost-startStop-1] ERROR org.apache.catalina.core.AprLifecycleListener- An incompatible version [1.1.31] of the APR based Apache Tomcat Native library is installed, while Tomcat requires version [1.2.14]
2018/04/28-14:14 [localhost-startStop-1] INFO  org.apache.catalina.core.ContainerBase.[Tomcat].[localhost].[/]- Initializing Spring embedded WebApplicationContext
2018/04/28-14:14 [localhost-startStop-1] INFO  org.springframework.web.context.ContextLoader- Root WebApplicationContext: initialization completed in 813 ms
2018/04/28-14:14 [localhost-startStop-1] INFO  org.springframework.boot.web.servlet.ServletRegistrationBean- Servlet dispatcherServlet mapped to [/]
2018/04/28-14:14 [localhost-startStop-1] INFO  org.springframework.boot.web.servlet.ServletRegistrationBean- Servlet statViewServlet mapped to [/druid/*]
2018/04/28-14:14 [localhost-startStop-1] INFO  org.springframework.boot.web.servlet.FilterRegistrationBean- Mapping filter: 'characterEncodingFilter' to: [/*]
2018/04/28-14:14 [localhost-startStop-1] INFO  org.springframework.boot.web.servlet.FilterRegistrationBean- Mapping filter: 'hiddenHttpMethodFilter' to: [/*]
2018/04/28-14:14 [localhost-startStop-1] INFO  org.springframework.boot.web.servlet.FilterRegistrationBean- Mapping filter: 'httpPutFormContentFilter' to: [/*]
2018/04/28-14:14 [localhost-startStop-1] INFO  org.springframework.boot.web.servlet.FilterRegistrationBean- Mapping filter: 'requestContextFilter' to: [/*]
2018/04/28-14:14 [localhost-startStop-1] INFO  org.springframework.boot.web.servlet.FilterRegistrationBean- Mapping filter: 'webStatFilter' to urls: [/*]
2018/04/28-14:14 [restartedMain] INFO  com.alibaba.druid.spring.boot.autoconfigure.DruidDataSourceAutoConfigure- Init DruidDataSource
2018/04/28-14:14 [restartedMain] INFO  com.alibaba.druid.pool.DruidDataSource- {dataSource-2} inited
2018/04/28-14:14 [restartedMain] INFO  org.quartz.impl.StdSchedulerFactory- Using default implementation for ThreadExecutor
2018/04/28-14:14 [restartedMain] INFO  org.quartz.core.SchedulerSignalerImpl- Initialized Scheduler Signaller of type: class org.quartz.core.SchedulerSignalerImpl
2018/04/28-14:14 [restartedMain] INFO  org.quartz.core.QuartzScheduler- Quartz Scheduler v.2.3.0 created.
2018/04/28-14:14 [restartedMain] INFO  org.quartz.simpl.RAMJobStore- RAMJobStore initialized.
2018/04/28-14:14 [restartedMain] INFO  org.quartz.core.QuartzScheduler- Scheduler meta-data: Quartz Scheduler (v2.3.0) 'schedulerFactoryBean' with instanceId 'NON_CLUSTERED'
  Scheduler class: 'org.quartz.core.QuartzScheduler' - running locally.
  NOT STARTED.
  Currently in standby mode.
  Number of jobs executed: 0
  Using thread pool 'org.quartz.simpl.SimpleThreadPool' - with 10 threads.
  Using job-store 'org.quartz.simpl.RAMJobStore' - which does not support persistence. and is not clustered.

2018/04/28-14:14 [restartedMain] INFO  org.quartz.impl.StdSchedulerFactory- Quartz scheduler 'schedulerFactoryBean' initialized from an externally provided properties instance.
2018/04/28-14:14 [restartedMain] INFO  org.quartz.impl.StdSchedulerFactory- Quartz scheduler version: 2.3.0
2018/04/28-14:14 [restartedMain] INFO  org.quartz.core.QuartzScheduler- JobFactory set to: org.springframework.scheduling.quartz.AdaptableJobFactory@346727d2
2018/04/28-14:14 [restartedMain] INFO  org.springframework.web.servlet.mvc.method.annotation.RequestMappingHandlerAdapter- Looking for @ControllerAdvice: org.springframework.boot.web.servlet.context.AnnotationConfigServletWebServerApplicationContext@4a1b572: startup date [Sat Apr 28 14:14:16 CST 2018]; root of context hierarchy
2018/04/28-14:14 [restartedMain] INFO  org.springframework.web.servlet.mvc.method.annotation.RequestMappingHandlerMapping- Mapped "{[/admin/adminList]}" onto public org.springframework.web.servlet.ModelAndView com.zzq.beauty.controller.AdminController.adminList(java.lang.Integer,java.lang.String)
2018/04/28-14:14 [restartedMain] INFO  org.springframework.web.servlet.mvc.method.annotation.RequestMappingHandlerMapping- Mapped "{[/admin/saveAdmin]}" onto public com.zzq.beauty.rest.MyRestResponse com.zzq.beauty.controller.AdminController.saveAdmin(com.zzq.beauty.model.User,com.zzq.beauty.model.Person,java.lang.Integer,java.lang.Integer)
2018/04/28-14:14 [restartedMain] INFO  org.springframework.web.servlet.mvc.method.annotation.RequestMappingHandlerMapping- Mapped "{[/admin/addAdmin]}" onto public org.springframework.web.servlet.ModelAndView com.zzq.beauty.controller.AdminController.addAdmin(java.lang.Integer)
2018/04/28-14:14 [restartedMain] INFO  org.springframework.web.servlet.mvc.method.annotation.RequestMappingHandlerMapping- Mapped "{[/admin/freezeOrUnfreeze]}" onto public com.zzq.beauty.rest.MyRestResponse com.zzq.beauty.controller.AdminController.freezeOrUnfreeze(java.lang.Integer)
2018/04/28-14:14 [restartedMain] INFO  org.springframework.web.servlet.mvc.method.annotation.RequestMappingHandlerMapping- Mapped "{[/broker/list]}" onto public org.springframework.web.servlet.ModelAndView com.zzq.beauty.controller.BrokerController.list(java.lang.Integer,java.lang.String,java.lang.String)
2018/04/28-14:14 [restartedMain] INFO  org.springframework.web.servlet.mvc.method.annotation.RequestMappingHandlerMapping- Mapped "{[/buyGoods/end]}" onto public com.zzq.beauty.rest.MyRestResponse com.zzq.beauty.controller.BuyGoodsController.end(java.lang.Integer)
2018/04/28-14:14 [restartedMain] INFO  org.springframework.web.servlet.mvc.method.annotation.RequestMappingHandlerMapping- Mapped "{[/buyGoods/buyGoodsList]}" onto public org.springframework.web.servlet.ModelAndView com.zzq.beauty.controller.BuyGoodsController.buyGoodsList(java.lang.Integer,java.lang.String)
2018/04/28-14:14 [restartedMain] INFO  org.springframework.web.servlet.mvc.method.annotation.RequestMappingHandlerMapping- Mapped "{[/buyGoods/buyGoodsPage]}" onto public org.springframework.web.servlet.ModelAndView com.zzq.beauty.controller.BuyGoodsController.buyGoodsPage(java.lang.Integer)
2018/04/28-14:14 [restartedMain] INFO  org.springframework.web.servlet.mvc.method.annotation.RequestMappingHandlerMapping- Mapped "{[/buyGoods/buy]}" onto public com.zzq.beauty.rest.MyRestResponse com.zzq.beauty.controller.BuyGoodsController.buy(java.lang.Integer[],java.lang.Integer[],java.lang.Integer)
2018/04/28-14:14 [restartedMain] INFO  org.springframework.web.servlet.mvc.method.annotation.RequestMappingHandlerMapping- Mapped "{[/careRecord/add]}" onto public org.springframework.web.servlet.ModelAndView com.zzq.beauty.controller.CareRecordController.add(java.lang.Integer)
2018/04/28-14:14 [restartedMain] INFO  org.springframework.web.servlet.mvc.method.annotation.RequestMappingHandlerMapping- Mapped "{[/careRecord/list]}" onto public org.springframework.web.servlet.ModelAndView com.zzq.beauty.controller.CareRecordController.list(java.lang.String,java.lang.String,java.lang.Integer,java.lang.String)
2018/04/28-14:14 [restartedMain] INFO  org.springframework.web.servlet.mvc.method.annotation.RequestMappingHandlerMapping- Mapped "{[/careRecord/save]}" onto public com.zzq.beauty.rest.MyRestResponse com.zzq.beauty.controller.CareRecordController.save(java.lang.String[],java.lang.Integer,java.lang.Integer,java.lang.String)
2018/04/28-14:14 [restartedMain] INFO  org.springframework.web.servlet.mvc.method.annotation.RequestMappingHandlerMapping- Mapped "{[/financial/sales]}" onto public org.springframework.web.servlet.ModelAndView com.zzq.beauty.controller.FinancialController.sales(java.lang.String,java.lang.String,java.lang.Integer,java.lang.String)
2018/04/28-14:14 [restartedMain] INFO  org.springframework.web.servlet.mvc.method.annotation.RequestMappingHandlerMapping- Mapped "{[/goods/goodsList]}" onto public org.springframework.web.servlet.ModelAndView com.zzq.beauty.controller.GoodsController.goodsList(java.lang.Integer,java.lang.String,java.lang.Integer)
2018/04/28-14:14 [restartedMain] INFO  org.springframework.web.servlet.mvc.method.annotation.RequestMappingHandlerMapping- Mapped "{[/goods/dropOffGoodsList]}" onto public org.springframework.web.servlet.ModelAndView com.zzq.beauty.controller.GoodsController.dropOffGoodsList(java.lang.Integer,java.lang.String)
2018/04/28-14:14 [restartedMain] INFO  org.springframework.web.servlet.mvc.method.annotation.RequestMappingHandlerMapping- Mapped "{[/goods/shutDownOrUp]}" onto public com.zzq.beauty.rest.MyRestResponse com.zzq.beauty.controller.GoodsController.shutDownOrUp(java.lang.Integer)
2018/04/28-14:14 [restartedMain] INFO  org.springframework.web.servlet.mvc.method.annotation.RequestMappingHandlerMapping- Mapped "{[/goods/saveGoods]}" onto public com.zzq.beauty.rest.MyRestResponse com.zzq.beauty.controller.GoodsController.saveGoods(com.zzq.beauty.model.Goods,java.lang.Integer)
2018/04/28-14:14 [restartedMain] INFO  org.springframework.web.servlet.mvc.method.annotation.RequestMappingHandlerMapping- Mapped "{[/goods/addGoods]}" onto public org.springframework.web.servlet.ModelAndView com.zzq.beauty.controller.GoodsController.addGoods(java.lang.Integer)
2018/04/28-14:14 [restartedMain] INFO  org.springframework.web.servlet.mvc.method.annotation.RequestMappingHandlerMapping- Mapped "{[/index/index]}" onto public org.springframework.web.servlet.ModelAndView com.zzq.beauty.controller.IndexController.index()
2018/04/28-14:14 [restartedMain] INFO  org.springframework.web.servlet.mvc.method.annotation.RequestMappingHandlerMapping- Mapped "{[/index/main]}" onto public org.springframework.web.servlet.ModelAndView com.zzq.beauty.controller.IndexController.main()
2018/04/28-14:14 [restartedMain] INFO  org.springframework.web.servlet.mvc.method.annotation.RequestMappingHandlerMapping- Mapped "{[/out]}" onto public org.springframework.web.servlet.ModelAndView com.zzq.beauty.controller.IndexController.out(javax.servlet.http.HttpServletRequest)
2018/04/28-14:14 [restartedMain] INFO  org.springframework.web.servlet.mvc.method.annotation.RequestMappingHandlerMapping- Mapped "{[/singIn]}" onto public com.zzq.beauty.rest.MyRestResponse com.zzq.beauty.controller.IndexController.singIn(java.lang.String,java.lang.String,javax.servlet.http.HttpServletRequest)
2018/04/28-14:14 [restartedMain] INFO  org.springframework.web.servlet.mvc.method.annotation.RequestMappingHandlerMapping- Mapped "{[/]}" onto public org.springframework.web.servlet.ModelAndView com.zzq.beauty.controller.IndexController.login(javax.servlet.http.HttpServletRequest)
2018/04/28-14:14 [restartedMain] INFO  org.springframework.web.servlet.mvc.method.annotation.RequestMappingHandlerMapping- Mapped "{[/sys/update]}" onto public org.springframework.web.servlet.ModelAndView com.zzq.beauty.controller.SysController.update(com.zzq.beauty.bean.Sys)
2018/04/28-14:14 [restartedMain] INFO  org.springframework.web.servlet.mvc.method.annotation.RequestMappingHandlerMapping- Mapped "{[/sys/sys]}" onto public org.springframework.web.servlet.ModelAndView com.zzq.beauty.controller.SysController.sysPage() throws java.io.IOException
2018/04/28-14:14 [restartedMain] INFO  org.springframework.web.servlet.mvc.method.annotation.RequestMappingHandlerMapping- Mapped "{[/user/addUser]}" onto public org.springframework.web.servlet.ModelAndView com.zzq.beauty.controller.UserController.addUser(java.lang.Integer)
2018/04/28-14:14 [restartedMain] INFO  org.springframework.web.servlet.mvc.method.annotation.RequestMappingHandlerMapping- Mapped "{[/user/userList]}" onto public org.springframework.web.servlet.ModelAndView com.zzq.beauty.controller.UserController.userList(java.lang.Integer,java.lang.String,java.lang.Integer)
2018/04/28-14:14 [restartedMain] INFO  org.springframework.web.servlet.mvc.method.annotation.RequestMappingHandlerMapping- Mapped "{[/user/saveUser]}" onto public com.zzq.beauty.rest.MyRestResponse com.zzq.beauty.controller.UserController.saveUser(java.lang.Integer,com.zzq.beauty.model.Person,java.lang.Integer)
2018/04/28-14:14 [restartedMain] INFO  org.springframework.web.servlet.mvc.method.annotation.RequestMappingHandlerMapping- Mapped "{[/error]}" onto public org.springframework.http.ResponseEntity<java.util.Map<java.lang.String, java.lang.Object>> org.springframework.boot.autoconfigure.web.servlet.error.BasicErrorController.error(javax.servlet.http.HttpServletRequest)
2018/04/28-14:14 [restartedMain] INFO  org.springframework.web.servlet.mvc.method.annotation.RequestMappingHandlerMapping- Mapped "{[/error],produces=[text/html]}" onto public org.springframework.web.servlet.ModelAndView org.springframework.boot.autoconfigure.web.servlet.error.BasicErrorController.errorHtml(javax.servlet.http.HttpServletRequest,javax.servlet.http.HttpServletResponse)
2018/04/28-14:14 [restartedMain] INFO  org.springframework.web.servlet.handler.SimpleUrlHandlerMapping- Mapped URL path [/templates/**] onto handler of type [class org.springframework.web.servlet.resource.ResourceHttpRequestHandler]
2018/04/28-14:14 [restartedMain] INFO  org.springframework.web.servlet.handler.SimpleUrlHandlerMapping- Mapped URL path [/static/**] onto handler of type [class org.springframework.web.servlet.resource.ResourceHttpRequestHandler]
2018/04/28-14:14 [restartedMain] INFO  org.springframework.web.servlet.handler.SimpleUrlHandlerMapping- Mapped URL path [/webjars/**] onto handler of type [class org.springframework.web.servlet.resource.ResourceHttpRequestHandler]
2018/04/28-14:14 [restartedMain] INFO  org.springframework.web.servlet.handler.SimpleUrlHandlerMapping- Mapped URL path [/**] onto handler of type [class org.springframework.web.servlet.resource.ResourceHttpRequestHandler]
2018/04/28-14:14 [restartedMain] INFO  org.springframework.web.servlet.mvc.method.annotation.ExceptionHandlerExceptionResolver- Detected @ExceptionHandler methods in myExceptionHandler
2018/04/28-14:14 [restartedMain] INFO  org.springframework.web.servlet.handler.SimpleUrlHandlerMapping- Mapped URL path [/**/favicon.ico] onto handler of type [class org.springframework.web.servlet.resource.ResourceHttpRequestHandler]
2018/04/28-14:14 [restartedMain] INFO  org.springframework.boot.devtools.autoconfigure.OptionalLiveReloadServer- LiveReload server is running on port 35729
2018/04/28-14:14 [restartedMain] INFO  org.springframework.jmx.export.annotation.AnnotationMBeanExporter- Registering beans for JMX exposure on startup
2018/04/28-14:14 [restartedMain] INFO  org.springframework.jmx.export.annotation.AnnotationMBeanExporter- Bean with name 'statFilter' has been autodetected for JMX exposure
2018/04/28-14:14 [restartedMain] INFO  org.springframework.jmx.export.annotation.AnnotationMBeanExporter- Bean with name 'dataSource' has been autodetected for JMX exposure
2018/04/28-14:14 [restartedMain] INFO  org.springframework.jmx.export.annotation.AnnotationMBeanExporter- Located MBean 'dataSource': registering with JMX server as MBean [com.alibaba.druid.spring.boot.autoconfigure:name=dataSource,type=DruidDataSourceWrapper]
2018/04/28-14:14 [restartedMain] INFO  org.springframework.jmx.export.annotation.AnnotationMBeanExporter- Located MBean 'statFilter': registering with JMX server as MBean [com.alibaba.druid.filter.stat:name=statFilter,type=StatFilter]
2018/04/28-14:14 [restartedMain] INFO  org.springframework.context.support.DefaultLifecycleProcessor- Starting beans in phase 2147483647
2018/04/28-14:14 [restartedMain] INFO  org.springframework.scheduling.quartz.SchedulerFactoryBean- Starting Quartz Scheduler now
2018/04/28-14:14 [restartedMain] INFO  org.quartz.core.QuartzScheduler- Scheduler schedulerFactoryBean_$_NON_CLUSTERED started.
2018/04/28-14:14 [restartedMain] INFO  org.springframework.boot.web.embedded.tomcat.TomcatWebServer- Tomcat started on port(s): 8888 (http) with context path ''
2018/04/28-14:14 [restartedMain] INFO  com.zzq.beauty.DemoApplication- Started DemoApplication in 2.477 seconds (JVM running for 50.029)
2018/04/28-14:14 [restartedMain] INFO  org.springframework.boot.devtools.autoconfigure.ConditionEvaluationDeltaLoggingListener- Condition evaluation unchanged
